2016-05-26 07:25:00,507 [INFO] directory: temp directory: /var/folders/j5/h401grn92_q265mg4925_51h0000gn/T/tmpia0o_8fh
2016-05-26 07:25:00,508 [INFO] LiPD_Library: LiPD Library created
2016-05-26 07:25:00,508 [INFO] directory: enter set_source
2016-05-26 07:25:01,906 [INFO] directory: 4: notebook 
2016-05-26 07:25:01,906 [INFO] directory: exit set_source
2016-05-26 11:50:48,171 [INFO] directory: temp directory: /var/folders/j5/h401grn92_q265mg4925_51h0000gn/T/tmpg9xcm07b
2016-05-26 11:50:48,171 [INFO] LiPD_Library: LiPD Library created
2016-05-26 11:50:48,171 [INFO] directory: enter set_source
2016-05-26 11:50:49,533 [INFO] directory: 4: notebook 
2016-05-26 11:50:49,533 [INFO] directory: exit set_source
2016-05-26 12:11:11,143 [INFO] directory: temp directory: /var/folders/j5/h401grn92_q265mg4925_51h0000gn/T/tmp8oqis220
2016-05-26 12:11:11,143 [INFO] LiPD_Library: LiPD Library created
2016-05-26 12:11:11,143 [INFO] directory: enter set_source
2016-05-26 12:11:12,212 [INFO] directory: 4: notebook 
2016-05-26 12:11:12,212 [INFO] directory: exit set_source
2016-05-26 12:13:57,220 [INFO] directory: temp directory: /var/folders/j5/h401grn92_q265mg4925_51h0000gn/T/tmpa3v4yfmd
2016-05-26 12:13:57,220 [INFO] LiPD_Library: LiPD Library created
2016-05-26 12:13:57,220 [INFO] directory: enter set_source
2016-05-26 12:13:58,356 [INFO] directory: 4: notebook 
2016-05-26 12:13:58,356 [INFO] directory: exit set_source
2016-05-26 12:16:58,957 [INFO] directory: temp directory: /var/folders/j5/h401grn92_q265mg4925_51h0000gn/T/tmpjbzju0gs
2016-05-26 12:16:58,957 [INFO] LiPD_Library: LiPD Library created
2016-05-26 12:16:58,958 [INFO] directory: enter set_source
2016-05-26 12:17:00,151 [INFO] directory: 4: notebook 
2016-05-26 12:17:00,151 [INFO] directory: exit set_source
2016-05-26 12:24:17,637 [INFO] directory: temp directory: /var/folders/j5/h401grn92_q265mg4925_51h0000gn/T/tmp_v791yaa
2016-05-26 12:24:17,637 [INFO] LiPD_Library: LiPD Library created
2016-05-26 12:24:17,637 [INFO] directory: enter set_source
2016-05-26 12:24:18,972 [INFO] directory: 4: notebook 
2016-05-26 12:24:18,972 [INFO] directory: exit set_source
2016-05-26 12:25:19,705 [INFO] directory: temp directory: /var/folders/j5/h401grn92_q265mg4925_51h0000gn/T/tmp_23l_5ua
2016-05-26 12:25:19,706 [INFO] LiPD_Library: LiPD Library created
2016-05-26 12:25:19,706 [INFO] directory: enter set_source
2016-05-26 12:25:21,050 [INFO] directory: 4: notebook 
2016-05-26 12:25:21,050 [INFO] directory: exit set_source
2016-05-26 12:27:40,185 [INFO] directory: temp directory: /var/folders/j5/h401grn92_q265mg4925_51h0000gn/T/tmp92c_6q6d
2016-05-26 12:27:40,185 [INFO] LiPD_Library: LiPD Library created
2016-05-26 12:27:40,186 [INFO] directory: enter set_source
2016-05-26 12:27:41,400 [INFO] directory: 4: notebook 
2016-05-26 12:27:41,401 [INFO] directory: exit set_source
2016-05-26 12:34:46,568 [INFO] directory: temp directory: /var/folders/j5/h401grn92_q265mg4925_51h0000gn/T/tmpbgor1rfr
2016-05-26 12:34:46,568 [INFO] LiPD_Library: LiPD Library created
2016-05-26 12:34:46,568 [INFO] directory: enter set_source
2016-05-26 12:34:48,159 [INFO] directory: 4: notebook 
2016-05-26 12:34:48,159 [INFO] directory: exit set_source
2016-05-26 12:36:46,748 [INFO] directory: temp directory: /var/folders/j5/h401grn92_q265mg4925_51h0000gn/T/tmpqng24y4v
2016-05-26 12:36:46,748 [INFO] LiPD_Library: LiPD Library created
2016-05-26 12:36:46,748 [INFO] directory: enter set_source
2016-05-26 12:36:48,192 [INFO] directory: 4: notebook 
2016-05-26 12:36:48,193 [INFO] directory: exit set_source
2016-05-26 12:42:13,213 [INFO] directory: temp directory: /var/folders/j5/h401grn92_q265mg4925_51h0000gn/T/tmp58rbai0f
2016-05-26 12:42:13,213 [INFO] LiPD_Library: LiPD Library created
2016-05-26 12:42:13,213 [INFO] directory: enter set_source
2016-05-26 12:42:14,679 [INFO] directory: 4: notebook 
2016-05-26 12:42:14,679 [INFO] directory: exit set_source
