This is pdfTeX, Version 3.14159265-2.6-1.40.19 (TeX Live 2018) (preloaded format=pdflatex 2018.4.16)  4 SEP 2019 13:56
entering extended mode
 restricted \write18 enabled.
 %&-line parsing enabled.
**Pyleoclim.tex
(./Pyleoclim.tex
LaTeX2e <2018-04-01> patch level 2
Babel <3.18> and hyphenation patterns for 84 language(s) loaded.
(./sphinxmanual.cls
Document Class: sphinxmanual 2018/12/23 v2.0 Document class (Sphinx manual)
(/usr/local/texlive/2018/texmf-dist/tex/latex/base/report.cls
Document Class: report 2014/09/29 v1.4h Standard LaTeX document class
(/usr/local/texlive/2018/texmf-dist/tex/latex/base/size10.clo
File: size10.clo 2014/09/29 v1.4h Standard LaTeX file (size option)
)
\c@part=\count80
\c@chapter=\count81
\c@section=\count82
\c@subsection=\count83
\c@subsubsection=\count84
\c@paragraph=\count85
\c@subparagraph=\count86
\c@figure=\count87
\c@table=\count88
\abovecaptionskip=\skip41
\belowcaptionskip=\skip42
\bibindent=\dimen102
))
(/usr/local/texlive/2018/texmf-dist/tex/latex/base/inputenc.sty
Package: inputenc 2018/04/06 v1.3b Input encoding file
\inpenc@prehook=\toks14
\inpenc@posthook=\toks15
)
   defining Unicode char U+00A0 (decimal 160)
   defining Unicode char U+2500 (decimal 9472)
   defining Unicode char U+2502 (decimal 9474)
   defining Unicode char U+2514 (decimal 9492)
   defining Unicode char U+251C (decimal 9500)
   defining Unicode char U+2572 (decimal 9586)

(/usr/local/texlive/2018/texmf-dist/tex/latex/cmap/cmap.sty
Package: cmap 2008/03/06 v1.0h CMap support: searchable PDF
)
(/usr/local/texlive/2018/texmf-dist/tex/latex/base/fontenc.sty
Package: fontenc 2017/04/05 v2.0i Standard LaTeX package

(/usr/local/texlive/2018/texmf-dist/tex/latex/base/t1enc.def
File: t1enc.def 2017/04/05 v2.0i Standard LaTeX file
LaTeX Font Info:    Redeclaring font encoding T1 on input line 48.
)<<t1.cmap>>)
(/usr/local/texlive/2018/texmf-dist/tex/latex/amsmath/amsmath.sty
Package: amsmath 2017/09/02 v2.17a AMS math features
\@mathmargin=\skip43

For additional information on amsmath, use the `?' option.
(/usr/local/texlive/2018/texmf-dist/tex/latex/amsmath/amstext.sty
Package: amstext 2000/06/29 v2.01 AMS text

(/usr/local/texlive/2018/texmf-dist/tex/latex/amsmath/amsgen.sty
File: amsgen.sty 1999/11/30 v2.0 generic functions
\@emptytoks=\toks16
\ex@=\dimen103
))
(/usr/local/texlive/2018/texmf-dist/tex/latex/amsmath/amsbsy.sty
Package: amsbsy 1999/11/29 v1.2d Bold Symbols
\pmbraise@=\dimen104
)
(/usr/local/texlive/2018/texmf-dist/tex/latex/amsmath/amsopn.sty
Package: amsopn 2016/03/08 v2.02 operator names
)
\inf@bad=\count89
LaTeX Info: Redefining \frac on input line 213.
\uproot@=\count90
\leftroot@=\count91
LaTeX Info: Redefining \overline on input line 375.
\classnum@=\count92
\DOTSCASE@=\count93
LaTeX Info: Redefining \ldots on input line 472.
LaTeX Info: Redefining \dots on input line 475.
LaTeX Info: Redefining \cdots on input line 596.
\Mathstrutbox@=\box26
\strutbox@=\box27
\big@size=\dimen105
LaTeX Font Info:    Redeclaring font encoding OML on input line 712.
LaTeX Font Info:    Redeclaring font encoding OMS on input line 713.
\macc@depth=\count94
\c@MaxMatrixCols=\count95
\dotsspace@=\muskip10
\c@parentequation=\count96
\dspbrk@lvl=\count97
\tag@help=\toks17
\row@=\count98
\column@=\count99
\maxfields@=\count100
\andhelp@=\toks18
\eqnshift@=\dimen106
\alignsep@=\dimen107
\tagshift@=\dimen108
\tagwidth@=\dimen109
\totwidth@=\dimen110
\lineht@=\dimen111
\@envbody=\toks19
\multlinegap=\skip44
\multlinetaggap=\skip45
\mathdisplay@stack=\toks20
LaTeX Info: Redefining \[ on input line 2817.
LaTeX Info: Redefining \] on input line 2818.
)
(/usr/local/texlive/2018/texmf-dist/tex/latex/amsfonts/amssymb.sty
Package: amssymb 2013/01/14 v3.01 AMS font symbols

(/usr/local/texlive/2018/texmf-dist/tex/latex/amsfonts/amsfonts.sty
Package: amsfonts 2013/01/14 v3.01 Basic AMSFonts support
\symAMSa=\mathgroup4
\symAMSb=\mathgroup5
LaTeX Font Info:    Overwriting math alphabet `\mathfrak' in version `bold'
(Font)                  U/euf/m/n --> U/euf/b/n on input line 106.
))
(/usr/local/texlive/2018/texmf-dist/tex/generic/babel/babel.sty
Package: babel 2018/02/14 3.18 The Babel package

(/usr/local/texlive/2018/texmf-dist/tex/generic/babel/switch.def
File: switch.def 2018/02/14 3.18 Babel switching mechanism
)
(/usr/local/texlive/2018/texmf-dist/tex/generic/babel-english/english.ldf
Language: english 2017/06/06 v3.3r English support from the babel system

(/usr/local/texlive/2018/texmf-dist/tex/generic/babel/babel.def
File: babel.def 2018/02/14 3.18 Babel common definitions
\babel@savecnt=\count101
\U@D=\dimen112

(/usr/local/texlive/2018/texmf-dist/tex/generic/babel/txtbabel.def)
\bbl@dirlevel=\count102
)
\l@canadian = a dialect from \language\l@american 
\l@australian = a dialect from \language\l@british 
\l@newzealand = a dialect from \language\l@british 
))
(/usr/local/texlive/2018/texmf-dist/tex/latex/psnfss/times.sty
Package: times 2005/04/12 PSNFSS-v9.2a (SPQR) 
)
(/usr/local/texlive/2018/texmf-dist/tex/latex/fncychap/fncychap.sty
Package: fncychap 2007/07/30 v1.34 LaTeX package (Revised chapters)
\RW=\skip46
\mylen=\skip47
\myhi=\skip48
\px=\skip49
\py=\skip50
\pyy=\skip51
\pxx=\skip52
\c@AlphaCnt=\count103
\c@AlphaDecCnt=\count104
)
(./sphinx.sty
Package: sphinx 2019/06/04 v2.1.1 LaTeX package (Sphinx markup)

(/usr/local/texlive/2018/texmf-dist/tex/generic/oberdiek/ltxcmds.sty
Package: ltxcmds 2016/05/16 v1.23 LaTeX kernel commands for general use (HO)
)
(/usr/local/texlive/2018/texmf-dist/tex/latex/graphics/graphicx.sty
Package: graphicx 2017/06/01 v1.1a Enhanced LaTeX Graphics (DPC,SPQR)

(/usr/local/texlive/2018/texmf-dist/tex/latex/graphics/keyval.sty
Package: keyval 2014/10/28 v1.15 key=value parser (DPC)
\KV@toks@=\toks21
)
(/usr/local/texlive/2018/texmf-dist/tex/latex/graphics/graphics.sty
Package: graphics 2017/06/25 v1.2c Standard LaTeX Graphics (DPC,SPQR)

(/usr/local/texlive/2018/texmf-dist/tex/latex/graphics/trig.sty
Package: trig 2016/01/03 v1.10 sin cos tan (DPC)
)
(/usr/local/texlive/2018/texmf-dist/tex/latex/graphics-cfg/graphics.cfg
File: graphics.cfg 2016/06/04 v1.11 sample graphics configuration
)
Package graphics Info: Driver file: pdftex.def on input line 99.

(/usr/local/texlive/2018/texmf-dist/tex/latex/graphics-def/pdftex.def
File: pdftex.def 2018/01/08 v1.0l Graphics/color driver for pdftex
))
\Gin@req@height=\dimen113
\Gin@req@width=\dimen114
)
(/usr/local/texlive/2018/texmf-dist/tex/latex/fancyhdr/fancyhdr.sty
Package: fancyhdr 2017/06/30 v3.9a Extensive control of page headers and footer
s
\f@nch@headwidth=\skip53
\f@nch@O@elh=\skip54
\f@nch@O@erh=\skip55
\f@nch@O@olh=\skip56
\f@nch@O@orh=\skip57
\f@nch@O@elf=\skip58
\f@nch@O@erf=\skip59
\f@nch@O@olf=\skip60
\f@nch@O@orf=\skip61
)
(/usr/local/texlive/2018/texmf-dist/tex/latex/base/textcomp.sty
Package: textcomp 2017/04/05 v2.0i Standard LaTeX package
Package textcomp Info: Sub-encoding information:
(textcomp)               5 = only ISO-Adobe without \textcurrency
(textcomp)               4 = 5 + \texteuro
(textcomp)               3 = 4 + \textohm
(textcomp)               2 = 3 + \textestimated + \textcurrency
(textcomp)               1 = TS1 - \textcircled - \t
(textcomp)               0 = TS1 (full)
(textcomp)             Font families with sub-encoding setting implement
(textcomp)             only a restricted character set as indicated.
(textcomp)             Family '?' is the default used for unknown fonts.
(textcomp)             See the documentation for details.
Package textcomp Info: Setting ? sub-encoding to TS1/1 on input line 79.

(/usr/local/texlive/2018/texmf-dist/tex/latex/base/ts1enc.def
File: ts1enc.def 2001/06/05 v3.0e (jk/car/fm) Standard LaTeX file
Now handling font encoding TS1 ...
... processing UTF-8 mapping file for font encoding TS1

(/usr/local/texlive/2018/texmf-dist/tex/latex/base/ts1enc.dfu
File: ts1enc.dfu 2018/04/05 v1.2c UTF-8 support for inputenc
   defining Unicode char U+00A2 (decimal 162)
   defining Unicode char U+00A3 (decimal 163)
   defining Unicode char U+00A4 (decimal 164)
   defining Unicode char U+00A5 (decimal 165)
   defining Unicode char U+00A6 (decimal 166)
   defining Unicode char U+00A7 (decimal 167)
   defining Unicode char U+00A8 (decimal 168)
   defining Unicode char U+00A9 (decimal 169)
   defining Unicode char U+00AA (decimal 170)
   defining Unicode char U+00AC (decimal 172)
   defining Unicode char U+00AE (decimal 174)
   defining Unicode char U+00AF (decimal 175)
   defining Unicode char U+00B0 (decimal 176)
   defining Unicode char U+00B1 (decimal 177)
   defining Unicode char U+00B2 (decimal 178)
   defining Unicode char U+00B3 (decimal 179)
   defining Unicode char U+00B4 (decimal 180)
   defining Unicode char U+00B5 (decimal 181)
   defining Unicode char U+00B6 (decimal 182)
   defining Unicode char U+00B7 (decimal 183)
   defining Unicode char U+00B9 (decimal 185)
   defining Unicode char U+00BA (decimal 186)
   defining Unicode char U+00BC (decimal 188)
   defining Unicode char U+00BD (decimal 189)
   defining Unicode char U+00BE (decimal 190)
   defining Unicode char U+00D7 (decimal 215)
   defining Unicode char U+00F7 (decimal 247)
   defining Unicode char U+0192 (decimal 402)
   defining Unicode char U+02C7 (decimal 711)
   defining Unicode char U+02D8 (decimal 728)
   defining Unicode char U+02DD (decimal 733)
   defining Unicode char U+0E3F (decimal 3647)
   defining Unicode char U+2016 (decimal 8214)
   defining Unicode char U+2020 (decimal 8224)
   defining Unicode char U+2021 (decimal 8225)
   defining Unicode char U+2022 (decimal 8226)
   defining Unicode char U+2030 (decimal 8240)
   defining Unicode char U+2031 (decimal 8241)
   defining Unicode char U+203B (decimal 8251)
   defining Unicode char U+203D (decimal 8253)
   defining Unicode char U+2044 (decimal 8260)
   defining Unicode char U+204E (decimal 8270)
   defining Unicode char U+2052 (decimal 8274)
   defining Unicode char U+20A1 (decimal 8353)
   defining Unicode char U+20A4 (decimal 8356)
   defining Unicode char U+20A6 (decimal 8358)
   defining Unicode char U+20A9 (decimal 8361)
   defining Unicode char U+20AB (decimal 8363)
   defining Unicode char U+20AC (decimal 8364)
   defining Unicode char U+20B1 (decimal 8369)
   defining Unicode char U+2103 (decimal 8451)
   defining Unicode char U+2116 (decimal 8470)
   defining Unicode char U+2117 (decimal 8471)
   defining Unicode char U+211E (decimal 8478)
   defining Unicode char U+2120 (decimal 8480)
   defining Unicode char U+2122 (decimal 8482)
   defining Unicode char U+2126 (decimal 8486)
   defining Unicode char U+2127 (decimal 8487)
   defining Unicode char U+212E (decimal 8494)
   defining Unicode char U+2190 (decimal 8592)
   defining Unicode char U+2191 (decimal 8593)
   defining Unicode char U+2192 (decimal 8594)
   defining Unicode char U+2193 (decimal 8595)
   defining Unicode char U+2329 (decimal 9001)
   defining Unicode char U+232A (decimal 9002)
   defining Unicode char U+2422 (decimal 9250)
   defining Unicode char U+25E6 (decimal 9702)
   defining Unicode char U+25EF (decimal 9711)
   defining Unicode char U+266A (decimal 9834)
   defining Unicode char U+FEFF (decimal 65279)
))
LaTeX Info: Redefining \oldstylenums on input line 334.
Package textcomp Info: Setting cmr sub-encoding to TS1/0 on input line 349.
Package textcomp Info: Setting cmss sub-encoding to TS1/0 on input line 350.
Package textcomp Info: Setting cmtt sub-encoding to TS1/0 on input line 351.
Package textcomp Info: Setting cmvtt sub-encoding to TS1/0 on input line 352.
Package textcomp Info: Setting cmbr sub-encoding to TS1/0 on input line 353.
Package textcomp Info: Setting cmtl sub-encoding to TS1/0 on input line 354.
Package textcomp Info: Setting ccr sub-encoding to TS1/0 on input line 355.
Package textcomp Info: Setting ptm sub-encoding to TS1/4 on input line 356.
Package textcomp Info: Setting pcr sub-encoding to TS1/4 on input line 357.
Package textcomp Info: Setting phv sub-encoding to TS1/4 on input line 358.
Package textcomp Info: Setting ppl sub-encoding to TS1/3 on input line 359.
Package textcomp Info: Setting pag sub-encoding to TS1/4 on input line 360.
Package textcomp Info: Setting pbk sub-encoding to TS1/4 on input line 361.
Package textcomp Info: Setting pnc sub-encoding to TS1/4 on input line 362.
Package textcomp Info: Setting pzc sub-encoding to TS1/4 on input line 363.
Package textcomp Info: Setting bch sub-encoding to TS1/4 on input line 364.
Package textcomp Info: Setting put sub-encoding to TS1/5 on input line 365.
Package textcomp Info: Setting uag sub-encoding to TS1/5 on input line 366.
Package textcomp Info: Setting ugq sub-encoding to TS1/5 on input line 367.
Package textcomp Info: Setting ul8 sub-encoding to TS1/4 on input line 368.
Package textcomp Info: Setting ul9 sub-encoding to TS1/4 on input line 369.
Package textcomp Info: Setting augie sub-encoding to TS1/5 on input line 370.
Package textcomp Info: Setting dayrom sub-encoding to TS1/3 on input line 371.
Package textcomp Info: Setting dayroms sub-encoding to TS1/3 on input line 372.

Package textcomp Info: Setting pxr sub-encoding to TS1/0 on input line 373.
Package textcomp Info: Setting pxss sub-encoding to TS1/0 on input line 374.
Package textcomp Info: Setting pxtt sub-encoding to TS1/0 on input line 375.
Package textcomp Info: Setting txr sub-encoding to TS1/0 on input line 376.
Package textcomp Info: Setting txss sub-encoding to TS1/0 on input line 377.
Package textcomp Info: Setting txtt sub-encoding to TS1/0 on input line 378.
Package textcomp Info: Setting lmr sub-encoding to TS1/0 on input line 379.
Package textcomp Info: Setting lmdh sub-encoding to TS1/0 on input line 380.
Package textcomp Info: Setting lmss sub-encoding to TS1/0 on input line 381.
Package textcomp Info: Setting lmssq sub-encoding to TS1/0 on input line 382.
Package textcomp Info: Setting lmvtt sub-encoding to TS1/0 on input line 383.
Package textcomp Info: Setting lmtt sub-encoding to TS1/0 on input line 384.
Package textcomp Info: Setting qhv sub-encoding to TS1/0 on input line 385.
Package textcomp Info: Setting qag sub-encoding to TS1/0 on input line 386.
Package textcomp Info: Setting qbk sub-encoding to TS1/0 on input line 387.
Package textcomp Info: Setting qcr sub-encoding to TS1/0 on input line 388.
Package textcomp Info: Setting qcs sub-encoding to TS1/0 on input line 389.
Package textcomp Info: Setting qpl sub-encoding to TS1/0 on input line 390.
Package textcomp Info: Setting qtm sub-encoding to TS1/0 on input line 391.
Package textcomp Info: Setting qzc sub-encoding to TS1/0 on input line 392.
Package textcomp Info: Setting qhvc sub-encoding to TS1/0 on input line 393.
Package textcomp Info: Setting futs sub-encoding to TS1/4 on input line 394.
Package textcomp Info: Setting futx sub-encoding to TS1/4 on input line 395.
Package textcomp Info: Setting futj sub-encoding to TS1/4 on input line 396.
Package textcomp Info: Setting hlh sub-encoding to TS1/3 on input line 397.
Package textcomp Info: Setting hls sub-encoding to TS1/3 on input line 398.
Package textcomp Info: Setting hlst sub-encoding to TS1/3 on input line 399.
Package textcomp Info: Setting hlct sub-encoding to TS1/5 on input line 400.
Package textcomp Info: Setting hlx sub-encoding to TS1/5 on input line 401.
Package textcomp Info: Setting hlce sub-encoding to TS1/5 on input line 402.
Package textcomp Info: Setting hlcn sub-encoding to TS1/5 on input line 403.
Package textcomp Info: Setting hlcw sub-encoding to TS1/5 on input line 404.
Package textcomp Info: Setting hlcf sub-encoding to TS1/5 on input line 405.
Package textcomp Info: Setting pplx sub-encoding to TS1/3 on input line 406.
Package textcomp Info: Setting pplj sub-encoding to TS1/3 on input line 407.
Package textcomp Info: Setting ptmx sub-encoding to TS1/4 on input line 408.
Package textcomp Info: Setting ptmj sub-encoding to TS1/4 on input line 409.
)
(/usr/local/texlive/2018/texmf-dist/tex/latex/titlesec/titlesec.sty
Package: titlesec 2016/03/21 v2.10.2 Sectioning titles
\ttl@box=\box28
\beforetitleunit=\skip62
\aftertitleunit=\skip63
\ttl@plus=\dimen115
\ttl@minus=\dimen116
\ttl@toksa=\toks22
\titlewidth=\dimen117
\titlewidthlast=\dimen118
\titlewidthfirst=\dimen119
)
(/usr/local/texlive/2018/texmf-dist/tex/latex/tabulary/tabulary.sty
Package: tabulary 2014/06/11 v0.10 tabulary package (DPC)

(/usr/local/texlive/2018/texmf-dist/tex/latex/tools/array.sty
Package: array 2018/04/07 v2.4g Tabular extension package (FMi)
\col@sep=\dimen120
\ar@mcellbox=\box29
\extrarowheight=\dimen121
\NC@list=\toks23
\extratabsurround=\skip64
\backup@length=\skip65
\ar@cellbox=\box30
)
\TY@count=\count105
\TY@linewidth=\dimen122
\tymin=\dimen123
\tymax=\dimen124
\TY@tablewidth=\dimen125
)
(/usr/local/texlive/2018/texmf-dist/tex/latex/tools/longtable.sty
Package: longtable 2014/10/28 v4.11 Multi-page Table package (DPC)
\LTleft=\skip66
\LTright=\skip67
\LTpre=\skip68
\LTpost=\skip69
\LTchunksize=\count106
\LTcapwidth=\dimen126
\LT@head=\box31
\LT@firsthead=\box32
\LT@foot=\box33
\LT@lastfoot=\box34
\LT@cols=\count107
\LT@rows=\count108
\c@LT@tables=\count109
\c@LT@chunks=\count110
\LT@p@ftn=\toks24
)
(/usr/local/texlive/2018/texmf-dist/tex/latex/varwidth/varwidth.sty
Package: varwidth 2009/03/30 ver 0.92;  Variable-width minipages
\@vwid@box=\box35
\sift@deathcycles=\count111
\@vwid@loff=\dimen127
\@vwid@roff=\dimen128
)
(./sphinxmulticell.sty
Package: sphinxmulticell 2017/02/23 v1.6 better span rows and columns of a tabl
e (Sphinx team)
\sphinx@TY@tablewidth=\dimen129
)
(/usr/local/texlive/2018/texmf-dist/tex/latex/base/makeidx.sty
Package: makeidx 2014/09/29 v1.0m Standard LaTeX package
)
(/usr/local/texlive/2018/texmf-dist/tex/latex/framed/framed.sty
Package: framed 2011/10/22 v 0.96: framed or shaded text with page breaks
\OuterFrameSep=\skip70
\fb@frw=\dimen130
\fb@frh=\dimen131
\FrameRule=\dimen132
\FrameSep=\dimen133
)
(/usr/local/texlive/2018/texmf-dist/tex/latex/xcolor/xcolor.sty
Package: xcolor 2016/05/11 v2.12 LaTeX color extensions (UK)

(/usr/local/texlive/2018/texmf-dist/tex/latex/graphics-cfg/color.cfg
File: color.cfg 2016/01/02 v1.6 sample color configuration
)
Package xcolor Info: Driver file: pdftex.def on input line 225.
Package xcolor Info: Model `cmy' substituted by `cmy0' on input line 1348.
Package xcolor Info: Model `hsb' substituted by `rgb' on input line 1352.
Package xcolor Info: Model `RGB' extended on input line 1364.
Package xcolor Info: Model `HTML' substituted by `rgb' on input line 1366.
Package xcolor Info: Model `Hsb' substituted by `hsb' on input line 1367.
Package xcolor Info: Model `tHsb' substituted by `hsb' on input line 1368.
Package xcolor Info: Model `HSB' substituted by `hsb' on input line 1369.
Package xcolor Info: Model `Gray' substituted by `gray' on input line 1370.
Package xcolor Info: Model `wave' substituted by `hsb' on input line 1371.
)
(/usr/local/texlive/2018/texmf-dist/tex/latex/fancyvrb/fancyvrb.sty
Package: fancyvrb 2008/02/07

Style option: `fancyvrb' v2.7a, with DG/SPQR fixes, and firstline=lastline fix 
<2008/02/07> (tvz)
\FV@CodeLineNo=\count112
\FV@InFile=\read1
\FV@TabBox=\box36
\c@FancyVerbLine=\count113
\FV@StepNumber=\count114
\FV@OutFile=\write3
) (./footnotehyper-sphinx.sty
Package: footnotehyper-sphinx 2017/10/27 v1.7 hyperref aware footnote.sty for s
phinx (JFB)
\FNH@notes=\box37
\FNH@width=\dimen134
)
(/usr/local/texlive/2018/texmf-dist/tex/latex/float/float.sty
Package: float 2001/11/08 v1.3d Float enhancements (AL)
\c@float@type=\count115
\float@exts=\toks25
\float@box=\box38
\@float@everytoks=\toks26
\@floatcapt=\box39
)
(/usr/local/texlive/2018/texmf-dist/tex/latex/wrapfig/wrapfig.sty
\wrapoverhang=\dimen135
\WF@size=\dimen136
\c@WF@wrappedlines=\count116
\WF@box=\box40
\WF@everypar=\toks27
Package: wrapfig 2003/01/31  v 3.6
)
(/usr/local/texlive/2018/texmf-dist/tex/latex/parskip/parskip.sty
Package: parskip 2001/04/09 non-zero parskip adjustments
)
(/usr/local/texlive/2018/texmf-dist/tex/latex/base/alltt.sty
Package: alltt 1997/06/16 v2.0g defines alltt environment
)
(/usr/local/texlive/2018/texmf-dist/tex/latex/upquote/upquote.sty
Package: upquote 2012/04/19 v1.3 upright-quote and grave-accent glyphs in verba
tim
)
(/usr/local/texlive/2018/texmf-dist/tex/latex/capt-of/capt-of.sty
Package: capt-of 2009/12/29 v0.2 standard captions outside of floats
)
(/usr/local/texlive/2018/texmf-dist/tex/latex/needspace/needspace.sty
Package: needspace 2010/09/12 v1.3d reserve vertical space
)
(./sphinxhighlight.sty
Package: sphinxhighlight 2016/05/29 stylesheet for highlighting with pygments
)
(/usr/local/texlive/2018/texmf-dist/tex/latex/oberdiek/kvoptions.sty
Package: kvoptions 2016/05/16 v3.12 Key value format for package options (HO)

(/usr/local/texlive/2018/texmf-dist/tex/generic/oberdiek/kvsetkeys.sty
Package: kvsetkeys 2016/05/16 v1.17 Key value parser (HO)

(/usr/local/texlive/2018/texmf-dist/tex/generic/oberdiek/infwarerr.sty
Package: infwarerr 2016/05/16 v1.4 Providing info/warning/error messages (HO)
)
(/usr/local/texlive/2018/texmf-dist/tex/generic/oberdiek/etexcmds.sty
Package: etexcmds 2016/05/16 v1.6 Avoid name clashes with e-TeX commands (HO)

(/usr/local/texlive/2018/texmf-dist/tex/generic/oberdiek/ifluatex.sty
Package: ifluatex 2016/05/16 v1.4 Provides the ifluatex switch (HO)
Package ifluatex Info: LuaTeX not detected.
)
Package etexcmds Info: Could not find \expanded.
(etexcmds)             That can mean that you are not using pdfTeX 1.50 or
(etexcmds)             that some package has redefined \expanded.
(etexcmds)             In the latter case, load this package earlier.
)))
\sphinxverbatimsep=\dimen137
\sphinxverbatimborder=\dimen138
\sphinxshadowsep=\dimen139
\sphinxshadowsize=\dimen140
\sphinxshadowrule=\dimen141
\spx@notice@border=\dimen142
\spx@image@maxheight=\dimen143
\spx@image@box=\dimen144
\c@literalblock=\count117
\sphinxcontinuationbox=\box41
\sphinxvisiblespacebox=\box42
\sphinxVerbatim@TitleBox=\box43
\py@argswidth=\skip71
\lineblockindentation=\skip72
\DUlineblockindent=\skip73
)
(/usr/local/texlive/2018/texmf-dist/tex/latex/geometry/geometry.sty
Package: geometry 2018/03/24 v5.7 Page Geometry

(/usr/local/texlive/2018/texmf-dist/tex/generic/oberdiek/ifpdf.sty
Package: ifpdf 2017/03/15 v3.2 Provides the ifpdf switch
)
(/usr/local/texlive/2018/texmf-dist/tex/generic/oberdiek/ifvtex.sty
Package: ifvtex 2016/05/16 v1.6 Detect VTeX and its facilities (HO)
Package ifvtex Info: VTeX not detected.
)
(/usr/local/texlive/2018/texmf-dist/tex/generic/ifxetex/ifxetex.sty
Package: ifxetex 2010/09/12 v0.6 Provides ifxetex conditional
)
\Gm@cnth=\count118
\Gm@cntv=\count119
\c@Gm@tempcnt=\count120
\Gm@bindingoffset=\dimen145
\Gm@wd@mp=\dimen146
\Gm@odd@mp=\dimen147
\Gm@even@mp=\dimen148
\Gm@layoutwidth=\dimen149
\Gm@layoutheight=\dimen150
\Gm@layouthoffset=\dimen151
\Gm@layoutvoffset=\dimen152
\Gm@dimlist=\toks28
)
(/usr/local/texlive/2018/texmf-dist/tex/latex/hyperref/hyperref.sty
Package: hyperref 2018/02/06 v6.86b Hypertext links for LaTeX

(/usr/local/texlive/2018/texmf-dist/tex/generic/oberdiek/hobsub-hyperref.sty
Package: hobsub-hyperref 2016/05/16 v1.14 Bundle oberdiek, subset hyperref (HO)


(/usr/local/texlive/2018/texmf-dist/tex/generic/oberdiek/hobsub-generic.sty
Package: hobsub-generic 2016/05/16 v1.14 Bundle oberdiek, subset generic (HO)
Package: hobsub 2016/05/16 v1.14 Construct package bundles (HO)
Package hobsub Info: Skipping package `infwarerr' (already loaded).
Package hobsub Info: Skipping package `ltxcmds' (already loaded).
Package hobsub Info: Skipping package `ifluatex' (already loaded).
Package hobsub Info: Skipping package `ifvtex' (already loaded).
Package: intcalc 2016/05/16 v1.2 Expandable calculations with integers (HO)
Package hobsub Info: Skipping package `ifpdf' (already loaded).
Package hobsub Info: Skipping package `etexcmds' (already loaded).
Package hobsub Info: Skipping package `kvsetkeys' (already loaded).
Package: kvdefinekeys 2016/05/16 v1.4 Define keys (HO)
Package: pdftexcmds 2018/01/30 v0.27 Utility functions of pdfTeX for LuaTeX (HO
)
Package pdftexcmds Info: LuaTeX not detected.
Package pdftexcmds Info: \pdf@primitive is available.
Package pdftexcmds Info: \pdf@ifprimitive is available.
Package pdftexcmds Info: \pdfdraftmode found.
Package: pdfescape 2016/05/16 v1.14 Implements pdfTeX's escape features (HO)
Package: bigintcalc 2016/05/16 v1.4 Expandable calculations on big integers (HO
)
Package: bitset 2016/05/16 v1.2 Handle bit-vector datatype (HO)
Package: uniquecounter 2016/05/16 v1.3 Provide unlimited unique counter (HO)
)
Package hobsub Info: Skipping package `hobsub' (already loaded).
Package: letltxmacro 2016/05/16 v1.5 Let assignment for LaTeX macros (HO)
Package: hopatch 2016/05/16 v1.3 Wrapper for package hooks (HO)
Package: xcolor-patch 2016/05/16 xcolor patch
Package: atveryend 2016/05/16 v1.9 Hooks at the very end of document (HO)
Package atveryend Info: \enddocument detected (standard20110627).
Package: atbegshi 2016/06/09 v1.18 At begin shipout hook (HO)
Package: refcount 2016/05/16 v3.5 Data extraction from label references (HO)
Package: hycolor 2016/05/16 v1.8 Color options for hyperref/bookmark (HO)
)
(/usr/local/texlive/2018/texmf-dist/tex/latex/oberdiek/auxhook.sty
Package: auxhook 2016/05/16 v1.4 Hooks for auxiliary files (HO)
)
\@linkdim=\dimen153
\Hy@linkcounter=\count121
\Hy@pagecounter=\count122

(/usr/local/texlive/2018/texmf-dist/tex/latex/hyperref/pd1enc.def
File: pd1enc.def 2018/02/06 v6.86b Hyperref: PDFDocEncoding definition (HO)
Now handling font encoding PD1 ...
... no UTF-8 mapping file for font encoding PD1
)
\Hy@SavedSpaceFactor=\count123

(/usr/local/texlive/2018/texmf-dist/tex/latex/latexconfig/hyperref.cfg
File: hyperref.cfg 2002/06/06 v1.2 hyperref configuration of TeXLive
)
Package hyperref Info: Option `unicode' set `true' on input line 4383.

(/usr/local/texlive/2018/texmf-dist/tex/latex/hyperref/puenc.def
File: puenc.def 2018/02/06 v6.86b Hyperref: PDF Unicode definition (HO)
Now handling font encoding PU ...
... no UTF-8 mapping file for font encoding PU
)
Package hyperref Info: Option `colorlinks' set `true' on input line 4383.
Package hyperref Info: Option `breaklinks' set `true' on input line 4383.
Package hyperref Info: Hyper figures OFF on input line 4509.
Package hyperref Info: Link nesting OFF on input line 4514.
Package hyperref Info: Hyper index ON on input line 4517.
Package hyperref Info: Plain pages OFF on input line 4524.
Package hyperref Info: Backreferencing OFF on input line 4529.
Package hyperref Info: Implicit mode ON; LaTeX internals redefined.
Package hyperref Info: Bookmarks ON on input line 4762.
\c@Hy@tempcnt=\count124

(/usr/local/texlive/2018/texmf-dist/tex/latex/url/url.sty
\Urlmuskip=\muskip11
Package: url 2013/09/16  ver 3.4  Verb mode for urls, etc.
)
LaTeX Info: Redefining \url on input line 5115.
\XeTeXLinkMargin=\dimen154
\Fld@menulength=\count125
\Field@Width=\dimen155
\Fld@charsize=\dimen156
Package hyperref Info: Hyper figures OFF on input line 6369.
Package hyperref Info: Link nesting OFF on input line 6374.
Package hyperref Info: Hyper index ON on input line 6377.
Package hyperref Info: backreferencing OFF on input line 6384.
Package hyperref Info: Link coloring ON on input line 6387.
Package hyperref Info: Link coloring with OCG OFF on input line 6394.
Package hyperref Info: PDF/A mode OFF on input line 6399.
LaTeX Info: Redefining \ref on input line 6439.
LaTeX Info: Redefining \pageref on input line 6443.
\Hy@abspage=\count126
\c@Item=\count127
\c@Hfootnote=\count128
)
Package hyperref Info: Driver (autodetected): hpdftex.

(/usr/local/texlive/2018/texmf-dist/tex/latex/hyperref/hpdftex.def
File: hpdftex.def 2018/02/06 v6.86b Hyperref driver for pdfTeX
\Fld@listcount=\count129
\c@bookmark@seq@number=\count130

(/usr/local/texlive/2018/texmf-dist/tex/latex/oberdiek/rerunfilecheck.sty
Package: rerunfilecheck 2016/05/16 v1.8 Rerun checks for auxiliary files (HO)
Package uniquecounter Info: New unique counter `rerunfilecheck' on input line 2
82.
)
\Hy@SectionHShift=\skip74
)
(/usr/local/texlive/2018/texmf-dist/tex/latex/oberdiek/hypcap.sty
Package: hypcap 2016/05/16 v1.12 Adjusting the anchors of captions (HO)
)
(./sphinxmessages.sty
Package: sphinxmessages 2019/01/04 v2.0 Localized LaTeX macros (Sphinx team)
)
\@indexfile=\write4
\openout4 = `Pyleoclim.idx'.


Writing index file Pyleoclim.idx
(./Pyleoclim.aux)
\openout1 = `Pyleoclim.aux'.

LaTeX Font Info:    Checking defaults for OML/cmm/m/it on input line 80.
LaTeX Font Info:    ... okay on input line 80.
LaTeX Font Info:    Checking defaults for T1/cmr/m/n on input line 80.
LaTeX Font Info:    ... okay on input line 80.
LaTeX Font Info:    Checking defaults for OT1/cmr/m/n on input line 80.
LaTeX Font Info:    ... okay on input line 80.
LaTeX Font Info:    Checking defaults for OMS/cmsy/m/n on input line 80.
LaTeX Font Info:    ... okay on input line 80.
LaTeX Font Info:    Checking defaults for OMX/cmex/m/n on input line 80.
LaTeX Font Info:    ... okay on input line 80.
LaTeX Font Info:    Checking defaults for U/cmr/m/n on input line 80.
LaTeX Font Info:    ... okay on input line 80.
LaTeX Font Info:    Checking defaults for TS1/cmr/m/n on input line 80.
LaTeX Font Info:    Try loading font information for TS1+cmr on input line 80.
 (/usr/local/texlive/2018/texmf-dist/tex/latex/base/ts1cmr.fd
File: ts1cmr.fd 2014/09/29 v2.5h Standard LaTeX font definitions
)
LaTeX Font Info:    ... okay on input line 80.
LaTeX Font Info:    Checking defaults for PD1/pdf/m/n on input line 80.
LaTeX Font Info:    ... okay on input line 80.
LaTeX Font Info:    Checking defaults for PU/pdf/m/n on input line 80.
LaTeX Font Info:    ... okay on input line 80.
LaTeX Font Info:    Try loading font information for T1+ptm on input line 80.
(/usr/local/texlive/2018/texmf-dist/tex/latex/psnfss/t1ptm.fd
File: t1ptm.fd 2001/06/04 font definitions for T1/ptm.
)
(/usr/local/texlive/2018/texmf-dist/tex/context/base/mkii/supp-pdf.mkii
[Loading MPS to PDF converter (version 2006.09.02).]
\scratchcounter=\count131
\scratchdimen=\dimen157
\scratchbox=\box44
\nofMPsegments=\count132
\nofMParguments=\count133
\everyMPshowfont=\toks29
\MPscratchCnt=\count134
\MPscratchDim=\dimen158
\MPnumerator=\count135
\makeMPintoPDFobject=\count136
\everyMPtoPDFconversion=\toks30
) (/usr/local/texlive/2018/texmf-dist/tex/latex/oberdiek/epstopdf-base.sty
Package: epstopdf-base 2016/05/15 v2.6 Base part for package epstopdf

(/usr/local/texlive/2018/texmf-dist/tex/latex/oberdiek/grfext.sty
Package: grfext 2016/05/16 v1.2 Manage graphics extensions (HO)
)
Package epstopdf-base Info: Redefining graphics rule for `.eps' on input line 4
38.
Package grfext Info: Graphics extension search list:
(grfext)             [.pdf,.png,.jpg,.mps,.jpeg,.jbig2,.jb2,.PDF,.PNG,.JPG,.JPE
G,.JBIG2,.JB2,.eps]
(grfext)             \AppendGraphicsExtensions on input line 456.

(/usr/local/texlive/2018/texmf-dist/tex/latex/latexconfig/epstopdf-sys.cfg
File: epstopdf-sys.cfg 2010/07/13 v1.3 Configuration of (r)epstopdf for TeX Liv
e
))
*geometry* driver: auto-detecting
*geometry* detected driver: pdftex
*geometry* verbose mode - [ preamble ] result:
* driver: pdftex
* paper: letterpaper
* layout: <same size as paper>
* layoutoffset:(h,v)=(0.0pt,0.0pt)
* modes: twoside 
* h-part:(L,W,R)=(72.26999pt, 469.75502pt, 72.26999pt)
* v-part:(T,H,B)=(72.26999pt, 650.43001pt, 72.26999pt)
* \paperwidth=614.295pt
* \paperheight=794.96999pt
* \textwidth=469.75502pt
* \textheight=650.43001pt
* \oddsidemargin=0.0pt
* \evensidemargin=0.0pt
* \topmargin=-37.0pt
* \headheight=12.0pt
* \headsep=25.0pt
* \topskip=10.0pt
* \footskip=30.0pt
* \marginparwidth=36.135pt
* \marginparsep=11.0pt
* \columnsep=10.0pt
* \skip\footins=9.0pt plus 4.0pt minus 2.0pt
* \hoffset=0.0pt
* \voffset=0.0pt
* \mag=1000
* \@twocolumnfalse
* \@twosidetrue
* \@mparswitchtrue
* \@reversemarginfalse
* (1in=72.27pt=25.4mm, 1cm=28.453pt)

\AtBeginShipoutBox=\box45
Package hyperref Info: Link coloring ON on input line 80.
(/usr/local/texlive/2018/texmf-dist/tex/latex/hyperref/nameref.sty
Package: nameref 2016/05/21 v2.44 Cross-referencing by name of section

(/usr/local/texlive/2018/texmf-dist/tex/generic/oberdiek/gettitlestring.sty
Package: gettitlestring 2016/05/16 v1.5 Cleanup title references (HO)
)
\c@section@level=\count137
)
LaTeX Info: Redefining \ref on input line 80.
LaTeX Info: Redefining \pageref on input line 80.
LaTeX Info: Redefining \nameref on input line 80.

(./Pyleoclim.out) (./Pyleoclim.out)
\@outlinefile=\write5
\openout5 = `Pyleoclim.out'.

Package hyperref Info: Option `pageanchor' set `false' on input line 83.
LaTeX Font Info:    Try loading font information for T1+phv on input line 83.

(/usr/local/texlive/2018/texmf-dist/tex/latex/psnfss/t1phv.fd
File: t1phv.fd 2001/06/04 scalable font definitions for T1/phv.
)
LaTeX Font Info:    Font shape `T1/phv/bx/n' in size <10> not available
(Font)              Font shape `T1/phv/b/n' tried instead on input line 83.
LaTeX Font Info:    Font shape `T1/phv/bx/n' in size <24.88> not available
(Font)              Font shape `T1/phv/b/n' tried instead on input line 83.
LaTeX Font Info:    Font shape `T1/phv/bx/it' in size <10> not available
(Font)              Font shape `T1/phv/b/it' tried instead on input line 83.
LaTeX Font Info:    Font shape `T1/phv/b/it' in size <10> not available
(Font)              Font shape `T1/phv/b/sl' tried instead on input line 83.
LaTeX Font Info:    Font shape `T1/phv/bx/it' in size <17.28> not available
(Font)              Font shape `T1/phv/b/it' tried instead on input line 83.
LaTeX Font Info:    Font shape `T1/phv/b/it' in size <17.28> not available
(Font)              Font shape `T1/phv/b/sl' tried instead on input line 83.
LaTeX Font Info:    Font shape `T1/phv/bx/n' in size <17.28> not available
(Font)              Font shape `T1/phv/b/n' tried instead on input line 83.
<<ot1.cmap>><<oml.cmap>><<oms.cmap>><<omx.cmap>>
LaTeX Font Info:    Try loading font information for U+msa on input line 83.

(/usr/local/texlive/2018/texmf-dist/tex/latex/amsfonts/umsa.fd
File: umsa.fd 2013/01/14 v3.01 AMS symbols A
)
LaTeX Font Info:    Try loading font information for U+msb on input line 83.

(/usr/local/texlive/2018/texmf-dist/tex/latex/amsfonts/umsb.fd
File: umsb.fd 2013/01/14 v3.01 AMS symbols B
)
LaTeX Font Info:    Font shape `T1/phv/bx/n' in size <12> not available
(Font)              Font shape `T1/phv/b/n' tried instead on input line 83.
 [1

{/usr/local/texlive/2018/texmf-var/fonts/map/pdftex/updmap/pdftex.map}] [2


]
LaTeX Font Info:    Font shape `T1/phv/bx/n' in size <14.4> not available
(Font)              Font shape `T1/phv/b/n' tried instead on input line 85.
 (./Pyleoclim.toc
LaTeX Font Info:    Font shape `T1/ptm/bx/n' in size <10> not available
(Font)              Font shape `T1/ptm/b/n' tried instead on input line 2.
[1

])
\tf@toc=\write6
\openout6 = `Pyleoclim.toc'.

 [2] [1

] [2

]
Chapter 1.
LaTeX Font Info:    Try loading font information for TS1+ptm on input line 114.

(/usr/local/texlive/2018/texmf-dist/tex/latex/psnfss/ts1ptm.fd
File: ts1ptm.fd 2001/06/04 font definitions for TS1/ptm.
) [3]
LaTeX Font Info:    Try loading font information for T1+pcr on input line 185.

(/usr/local/texlive/2018/texmf-dist/tex/latex/psnfss/t1pcr.fd
File: t1pcr.fd 2001/06/04 font definitions for T1/pcr.
) [4] [5] [6

]
Chapter 2.
[7] [8]
Chapter 3.
LaTeX Font Info:    Font shape `T1/pcr/bx/n' in size <10> not available
(Font)              Font shape `T1/pcr/b/n' tried instead on input line 444.
[9

]
Underfull \hbox (badness 10000) in paragraph at lines 499--507
[]\T1/ptm/m/n/10 `Robinson', `Plate-Car-ree', `Al-bert-sE-qualArea', `Az-imutha
lE-
 []


Underfull \hbox (badness 10000) in paragraph at lines 499--507
\T1/ptm/m/n/10 quidis-tant','EquidistantConic','LambertConformal', `Lam-bert-
 []


Underfull \hbox (badness 10000) in paragraph at lines 499--507
\T1/ptm/m/n/10 Cylin-dri-cal','Mercator','Miller','Mollweide','Orthographic' (D
e-
 []


Underfull \hbox (badness 10000) in paragraph at lines 499--507
\T1/ptm/m/n/10 fault), `Si-nu-soidal','Stereographic','TransverseMercator','UTM
',
 []


Underfull \hbox (badness 10000) in paragraph at lines 499--507
\T1/ptm/m/n/10 `In-ter-rupt-ed-Good-e-Ho-molo-sine','RotatedPole','OSGB','EuroP
P',
 []


Underfull \hbox (badness 10000) in paragraph at lines 499--507
\T1/ptm/m/n/10 `Geo-sta-tion-ary','NearsidePerspective','EckertI','EckertII', `
Eck-er-
 []


Underfull \hbox (badness 10000) in paragraph at lines 499--507
\T1/ptm/m/n/10 tIII','EckertIV','EckertV','EckertVI','EqualEarth','Gnomonic', `
Lam-ber-tAz-imuthalE-
 []


Underfull \hbox (badness 10000) in paragraph at lines 555--555
[]\T1/ptm/m/it/10 timeseries=None, pro-jec-tion='Orthographic', proj_default=Tr
ue, back-
 []


Underfull \hbox (badness 10000) in paragraph at lines 555--555
\T1/ptm/m/it/10 ground=True, la-bel='default', bor-ders=False, rivers=False, la
kes=False,
 []


Underfull \hbox (badness 10000) in paragraph at lines 565--573
[]\T1/ptm/m/n/10 `Robinson', `Plate-Car-ree', `Al-bert-sE-qualArea', `Az-imutha
lE-
 []


Underfull \hbox (badness 10000) in paragraph at lines 565--573
\T1/ptm/m/n/10 quidis-tant','EquidistantConic','LambertConformal', `Lam-bert-
 []


Underfull \hbox (badness 10000) in paragraph at lines 565--573
\T1/ptm/m/n/10 Cylin-dri-cal','Mercator','Miller','Mollweide','Orthographic' (D
e-
 []


Underfull \hbox (badness 10000) in paragraph at lines 565--573
\T1/ptm/m/n/10 fault), `Si-nu-soidal','Stereographic','TransverseMercator','UTM
',
 []


Underfull \hbox (badness 10000) in paragraph at lines 565--573
\T1/ptm/m/n/10 `In-ter-rupt-ed-Good-e-Ho-molo-sine','RotatedPole','OSGB','EuroP
P',
 []


Underfull \hbox (badness 10000) in paragraph at lines 565--573
\T1/ptm/m/n/10 `Geo-sta-tion-ary','NearsidePerspective','EckertI','EckertII', `
Eck-er-
 []


Underfull \hbox (badness 10000) in paragraph at lines 565--573
\T1/ptm/m/n/10 tIII','EckertIV','EckertV','EckertVI','EqualEarth','Gnomonic', `
Lam-ber-tAz-imuthalE-
 []

[10]
Underfull \hbox (badness 10000) in paragraph at lines 628--628
\T1/ptm/m/it/10 pro-jec-tion='Orthographic', proj_default=True, bor-ders=False,

 []


Underfull \hbox (badness 10000) in paragraph at lines 644--653
[]\T1/ptm/m/n/10 `Robinson', `Plate-Car-ree',
 []


Underfull \hbox (badness 10000) in paragraph at lines 644--653
\T1/ptm/m/n/10 `Al-bert-sE-qualArea', `Az-imuthalE-quidis-tant','EquidistantCon
ic','LambertConformal',
 []


Underfull \hbox (badness 10000) in paragraph at lines 644--653
\T1/ptm/m/n/10 `Lam-bert-Cylin-dri-cal','Mercator','Miller','Mollweide','Orthog
raphic' (De-fault), `Si-
 []


Underfull \hbox (badness 10000) in paragraph at lines 644--653
\T1/ptm/m/n/10 nu-soidal','Stereographic','TransverseMercator','UTM', `In-ter-r
upt-ed-Good-e-Ho-molo-
 []


Underfull \hbox (badness 10000) in paragraph at lines 644--653
\T1/ptm/m/n/10 sine','RotatedPole','OSGB','EuroPP', `Geo-sta-tion-ary','Nearsid
ePerspective','EckertI','EckertII',
 []


Underfull \hbox (badness 10000) in paragraph at lines 644--653
\T1/ptm/m/n/10 `Eck-er-tIII','EckertIV','EckertV','EckertVI','EqualEarth','Gnom
onic', `Lam-ber-tAz-imuthalE-
 []

[11]
Underfull \hbox (badness 10000) in paragraph at lines 772--772
[]\T1/ptm/m/it/10 timeseries=None, bins=None, hist=True, kde=True, rug=False, f
it=None,
 []

[12] [13]
LaTeX Font Info:    Font shape `T1/pcr/bx/n' in size <9> not available
(Font)              Font shape `T1/pcr/b/n' tried instead on input line 902.

Underfull \hbox (badness 10000) in paragraph at lines 912--912
\T1/ptm/m/it/10 to-cor-rect_param=1950\T1/ptm/m/n/10 , \T1/ptm/m/it/10 in-terp_
method='interpolation'\T1/ptm/m/n/10 , \T1/ptm/m/it/10 in-terp_step=None\T1/ptm
/m/n/10 ,
 []

[14] [15]
Underfull \hbox (badness 10000) in paragraph at lines 1135--1135
[]\T1/ptm/m/it/10 timeseries=None\T1/ptm/m/n/10 , \T1/ptm/m/it/10 lim=None\T1/p
tm/m/n/10 , \T1/ptm/m/it/10 wwz=False\T1/ptm/m/n/10 , \T1/ptm/m/it/10 psd=True\
T1/ptm/m/n/10 , \T1/ptm/m/it/10 wwz_default=True\T1/ptm/m/n/10 ,
 []


Underfull \hbox (badness 10000) in paragraph at lines 1148--1163
[]\T1/ptm/m/n/10 `freqs':None, `c':1/(8*np.pi**2), `Neff':3, `Neff_coi':3,
 []


Underfull \hbox (badness 7397) in paragraph at lines 1173--1187
\T1/ptm/m/n/10 `params' : [^^Pde-fault^^Q,4,0,1], `gaus-sian-ize': False, `stan
-dard-ize':True, `Neff':3,
 []


Underfull \hbox (badness 10000) in paragraph at lines 1198--1223
[]\T1/ptm/m/n/10 `coi':coi, `lev-els':None, `tick_range':None, `yt-
 []


Underfull \hbox (badness 10000) in paragraph at lines 1198--1223
\T1/ptm/m/n/10 icks':None, `yt-icks_label': None, `ylim':None, `xticks':None, `
xla-bels':None,
 []


Underfull \hbox (badness 10000) in paragraph at lines 1198--1223
\T1/ptm/m/n/10 `fig-size':[20,8], `clr_map':'OrRd', `cbar_drawedges':False, `co
ne_alpha':0.5,
 []

[16]
Underfull \hbox (badness 10000) in paragraph at lines 1232--1255
[]\T1/ptm/m/n/10 `linewidth':None, `color': sns.xkcd_rgb[^^Pdenim blue^^Q],
 []


Underfull \hbox (badness 10000) in paragraph at lines 1232--1255
\T1/ptm/m/n/10 `ar1_lmstyle':'-`, `ar1_linewidth':1, `pe-riod_ticks':None, `pe-
riod_tickslabel':None,
 []


Underfull \hbox (badness 10000) in paragraph at lines 1232--1255
\T1/ptm/m/n/10 `psd_lim':None, `pe-riod_lim':None, `al-pha':1, `fig-size':[20,8
], `la-bel':'PSD',
 []

LaTeX Font Info:    Try loading font information for TS1+pcr on input line 1344
.
(/usr/local/texlive/2018/texmf-dist/tex/latex/psnfss/ts1pcr.fd
File: ts1pcr.fd 2001/06/04 font definitions for TS1/pcr.
) [17]
Underfull \hbox (badness 10000) in paragraph at lines 1400--1405
[]\T1/ptm/m/n/10 DeltaR
 []

[18]
Underfull \hbox (badness 5431) in paragraph at lines 1486--1488
[]\T1/ptm/m/n/10 Note: sam-plePaths
 []

[19]
Underfull \hbox (badness 10000) in paragraph at lines 1526--1530
[]\T1/ptm/m/n/10 process with ap-pli-ca-tion to
 []


Underfull \hbox (badness 5985) in paragraph at lines 1534--1539
[]\T1/ptm/m/n/10 and Hunt-ley, B. (2008). A flex-i-
 []


Underfull \hbox (badness 7613) in paragraph at lines 1534--1539
\T1/ptm/m/n/10 ble ap-proach to as-sess-ing syn-chrone-ity of past events us-in
g Bayesian re-con-struc-
 []

[20]
Chapter 4.

Underfull \hbox (badness 10000) in paragraph at lines 1589--1598
[]\T1/ptm/m/n/10 `Robinson' (de-fault), `Plate-Car-
 []


Underfull \hbox (badness 10000) in paragraph at lines 1589--1598
\T1/ptm/m/n/10 ree', `Al-bert-sE-qualArea', `Az-imuthalE-quidis-tant','Equidist
antConic','LambertConformal',
 []


Underfull \hbox (badness 10000) in paragraph at lines 1589--1598
\T1/ptm/m/n/10 `Lam-bert-Cylin-dri-cal','Mercator','Miller','Mollweide','Orthog
raphic', `Si-nu-
 []


Underfull \hbox (badness 10000) in paragraph at lines 1589--1598
\T1/ptm/m/n/10 soidal','Stereographic','TransverseMercator','UTM', `In-ter-rupt
-ed-Good-e-Ho-molo-
 []


Underfull \hbox (badness 10000) in paragraph at lines 1589--1598
\T1/ptm/m/n/10 sine','RotatedPole','OSGB','EuroPP', `Geo-sta-tion-ary','Nearsid
ePerspective','EckertI','EckertII',
 []


Underfull \hbox (badness 10000) in paragraph at lines 1589--1598
\T1/ptm/m/n/10 `Eck-er-tIII','EckertIV','EckertV','EckertVI','EqualEarth','Gnom
onic', `Lam-ber-tAz-imuthalE-
 []


Underfull \hbox (badness 10000) in paragraph at lines 1619--1619
\T1/ptm/m/it/10 bor-ders=False, rivers=False, lakes=False, fig-size=[10, 4], ax
=None,
 []


Underfull \hbox (badness 10000) in paragraph at lines 1636--1645
[]\T1/ptm/m/n/10 `Robinson' (de-fault), `Plate-Car-
 []


Underfull \hbox (badness 10000) in paragraph at lines 1636--1645
\T1/ptm/m/n/10 ree', `Al-bert-sE-qualArea', `Az-imuthalE-quidis-tant','Equidist
antConic','LambertConformal',
 []


Underfull \hbox (badness 10000) in paragraph at lines 1636--1645
\T1/ptm/m/n/10 `Lam-bert-Cylin-dri-cal','Mercator','Miller','Mollweide','Orthog
raphic', `Si-nu-
 []


Underfull \hbox (badness 10000) in paragraph at lines 1636--1645
\T1/ptm/m/n/10 soidal','Stereographic','TransverseMercator','UTM', `In-ter-rupt
-ed-Good-e-Ho-molo-
 []


Underfull \hbox (badness 10000) in paragraph at lines 1636--1645
\T1/ptm/m/n/10 sine','RotatedPole','OSGB','EuroPP', `Geo-sta-tion-ary','Nearsid
ePerspective','EckertI','EckertII',
 []


Underfull \hbox (badness 10000) in paragraph at lines 1636--1645
\T1/ptm/m/n/10 `Eck-er-tIII','EckertIV','EckertV','EckertVI','EqualEarth','Gnom
onic', `Lam-ber-tAz-imuthalE-
 []

[21

]
Underfull \hbox (badness 10000) in paragraph at lines 1667--1671
[]\T1/ptm/m/n/10 keys should cor-re-spond to
 []


Underfull \hbox (badness 10000) in paragraph at lines 1697--1705
[]\T1/ptm/m/n/10 `Robinson', `Plate-Car-ree', `Al-bert-sE-qualArea', `Az-imutha
lE-
 []


Underfull \hbox (badness 10000) in paragraph at lines 1697--1705
\T1/ptm/m/n/10 quidis-tant','EquidistantConic','LambertConformal', `Lam-bert-
 []


Underfull \hbox (badness 10000) in paragraph at lines 1697--1705
\T1/ptm/m/n/10 Cylin-dri-cal','Mercator','Miller','Mollweide','Orthographic' (D
e-
 []


Underfull \hbox (badness 10000) in paragraph at lines 1697--1705
\T1/ptm/m/n/10 fault), `Si-nu-soidal','Stereographic','TransverseMercator','UTM
',
 []


Underfull \hbox (badness 10000) in paragraph at lines 1697--1705
\T1/ptm/m/n/10 `In-ter-rupt-ed-Good-e-Ho-molo-sine','RotatedPole','OSGB','EuroP
P',
 []


Underfull \hbox (badness 10000) in paragraph at lines 1697--1705
\T1/ptm/m/n/10 `Geo-sta-tion-ary','NearsidePerspective','EckertI','EckertII', `
Eck-er-
 []


Underfull \hbox (badness 10000) in paragraph at lines 1697--1705
\T1/ptm/m/n/10 tIII','EckertIV','EckertV','EckertVI','EqualEarth','Gnomonic', `
Lam-ber-tAz-imuthalE-
 []

[22]
Chapter 5.

Underfull \hbox (badness 6204) in paragraph at lines 1768--1768
\T1/ptm/m/it/10 hist_kws={'label': 'His-togram'}, kde_kws={'label': 'KDE fit'},

 []

[23

] [24]
Chapter 6.
[25

] [26

]
Chapter 7.

Underfull \hbox (badness 5862) in paragraph at lines 1947--1947
[]\T1/ptm/m/it/10 x1\T1/ptm/m/n/10 , \T1/ptm/m/it/10 y1\T1/ptm/m/n/10 , \T1/ptm
/m/it/10 x2\T1/ptm/m/n/10 , \T1/ptm/m/it/10 y2\T1/ptm/m/n/10 , \T1/ptm/m/it/10 
method='interpolation'\T1/ptm/m/n/10 , \T1/ptm/m/it/10 step=None\T1/ptm/m/n/10 
,
 []

[27] [28] [29] [30

]
Chapter 8.
[31] [32] [33] [34]
Chapter 9.
[35

] [36]
Chapter 10.

Underfull \hbox (badness 10000) in paragraph at lines 2688--2693
[]
 []


Underfull \hbox (badness 7415) in paragraph at lines 2745--2745
[]\T1/ptm/m/it/10 ys, ts, tau=None, freqs=None, c=0.012665147955292222, Neff=3,

 []

[37

]
Underfull \hbox (badness 10000) in paragraph at lines 2801--2801
\T1/ptm/m/it/10 de-trend=False, params=['default', 4, 0, 1], gaus-sian-
 []

[38]
Underfull \hbox (badness 10000) in paragraph at lines 2913--2913
[]\T1/ptm/m/it/10 ys1, ts1, ys2, ts2, smooth_factor=0.25, tau=None, freqs=None,

 []


Underfull \hbox (badness 7522) in paragraph at lines 2913--2913
\T1/ptm/m/it/10 params=['default', 4, 0, 1], gaus-sian-ize=False, stan-dard-ize
=True,
 []

[39]
Underfull \hbox (badness 10000) in paragraph at lines 2967--2967
[]\T1/ptm/m/it/10 wwa, freqs, tau, AR1_q=None, coi=None, lev-els=None,
 []


Underfull \hbox (badness 10000) in paragraph at lines 2967--2967
\T1/ptm/m/it/10 ax=None, xla-bel='Year CE', yla-bel='Period (years)',
 []


Underfull \hbox (badness 10000) in paragraph at lines 2967--2967
\T1/ptm/m/it/10 cbar_orientation='vertical', cbar_pad=0.05, cbar_frac=0.15,
 []


Underfull \hbox (badness 10000) in paragraph at lines 3007--3007
[]\T1/ptm/m/it/10 res_xwc, pt=0.5, lev-els=None, tick_range=None,
 []


Underfull \hbox (badness 10000) in paragraph at lines 3011--3014
[]\T1/ptm/m/n/10 vector of fre-quency,
 []

[40]
Underfull \hbox (badness 10000) in paragraph at lines 3071--3071
[]\T1/ptm/m/it/10 psd, freqs, lmstyle='-', linewidth=None, color='#3b5b92',
 []


Underfull \hbox (badness 8038) in paragraph at lines 3071--3071
\T1/ptm/m/it/10 ar1_lmstyle='-', ar1_linewidth=None, pe-riod_ticks=None, pe-
 []


Underfull \hbox (badness 10000) in paragraph at lines 3115--3115
\T1/ptm/m/it/10 c2=0.001, nMC=200, nproc=1, de-trend=False,
 []


Underfull \hbox (badness 7415) in paragraph at lines 3115--3115
\T1/ptm/m/it/10 params=['default', 4, 0, 1], gaus-sian-ize=False, stan-
 []


Underfull \hbox (badness 10000) in paragraph at lines 3115--3115
\T1/ptm/m/it/10 dard-ize=True, lev-els=None, method='Kirchner_f2py',
 []


Underfull \hbox (badness 10000) in paragraph at lines 3115--3115
\T1/ptm/m/it/10 anti_alias=False, pe-riod_ticks=None, ts_color=None,
 []


Underfull \hbox (badness 10000) in paragraph at lines 3115--3115
\T1/ptm/m/it/10 wwa_ylabel=None, psd_lmstyle='-', psd_lim=None,
 []


Underfull \hbox (badness 10000) in paragraph at lines 3115--3115
\T1/ptm/m/it/10 font_scale=1.5, pe-riod_S_str='beta_I', pe-riod_S=[0.125,
 []

[41]
Underfull \hbox (badness 10000) in paragraph at lines 3174--3174
[]\T1/ptm/m/it/10 ys, ts, ntau=501, dcon=0.001, stan-dard-ize=False,
 []

[42]
Chapter 11.

Underfull \hbox (badness 10000) in paragraph at lines 3293--3293
[]\T1/ptm/m/it/10 ages\T1/ptm/m/n/10 , \T1/ptm/m/it/10 agesStd\T1/ptm/m/n/10 , 
\T1/ptm/m/it/10 po-si-tions\T1/ptm/m/n/10 , \T1/ptm/m/it/10 re-jec-tAges=None\T
1/ptm/m/n/10 , \T1/ptm/m/it/10 po-si-tion-sThick-
 []


Underfull \hbox (badness 10000) in paragraph at lines 3293--3293
\T1/ptm/m/it/10 thin=8\T1/ptm/m/n/10 , \T1/ptm/m/it/10 extractDate=-69\T1/ptm/m
/n/10 , \T1/ptm/m/it/10 max-Ex-trap=500\T1/ptm/m/n/10 , \T1/ptm/m/it/10 thetaMh
Sd=0.5\T1/ptm/m/n/10 ,
 []

[43

]
Underfull \hbox (badness 10000) in paragraph at lines 3327--3332
[]\T1/ptm/m/n/10 DeltaR
 []


Underfull \hbox (badness 10000) in paragraph at lines 3366--3368
[]\T1/ptm/m/n/10 for the Com-pound
 []

[44]
Underfull \hbox (badness 10000) in paragraph at lines 3398--3402
[]\T1/ptm/m/n/10 process with ap-pli-ca-tion to
 []


Underfull \hbox (badness 10000) in paragraph at lines 3425--3425
\T1/ptm/m/it/10 me-di-an-Line-Color='black', me-di-an-LineWidth=2.0, CIFill-
 []


Underfull \hbox (badness 10000) in paragraph at lines 3425--3425
\T1/ptm/m/it/10 Color='Silver', sam-plePaths=True, sam-plePath-Num-ber=10,
 []


Underfull \hbox (badness 5431) in paragraph at lines 3471--3473
[]\T1/ptm/m/n/10 Note: sam-plePaths
 []

[45] [46]
Chapter 12.
(./Pyleoclim.ind [47

] [48

]
Underfull \hbox (badness 10000) in paragraph at lines 8--9
[]\T1/pcr/m/n/10 agemodelData() \T1/ptm/m/n/10 (\T1/ptm/m/it/10 in mod-ule pyle
o-
 []


Underfull \hbox (badness 10000) in paragraph at lines 24--25
[]\T1/pcr/m/n/10 chooseCalCurves() \T1/ptm/m/n/10 (\T1/ptm/m/it/10 in mod-ule p
yleo-
 []


Underfull \hbox (badness 10000) in paragraph at lines 46--47
[]\T1/pcr/m/n/10 gaussianize_single() \T1/ptm/m/n/10 (\T1/ptm/m/it/10 in mod-ul
e pyleo-
 []


Underfull \hbox (badness 10000) in paragraph at lines 70--72
[]\T1/pcr/m/n/10 mapAgeEnsembleToPaleoData() \T1/ptm/m/n/10 (\T1/ptm/m/it/10 in
 mod-ule
 []

[49

]
Underfull \hbox (badness 10000) in paragraph at lines 95--96
[]\T1/pcr/m/n/10 promptForVariable() \T1/ptm/m/n/10 (\T1/ptm/m/it/10 in mod-ule
 pyleo-
 []


Underfull \hbox (badness 10000) in paragraph at lines 122--123
[]\T1/pcr/m/n/10 verifyCalCurves() \T1/ptm/m/n/10 (\T1/ptm/m/it/10 in mod-ule p
yleo-
 []


Underfull \hbox (badness 10000) in paragraph at lines 126--127
[]\T1/pcr/m/n/10 whichMeasurement() \T1/ptm/m/n/10 (\T1/ptm/m/it/10 in mod-ule 
pyleo-
 []

[50

])
Package atveryend Info: Empty hook `BeforeClearDocument' on input line 3509.
Package atveryend Info: Empty hook `AfterLastShipout' on input line 3509.
 (./Pyleoclim.aux)
Package atveryend Info: Executing hook `AtVeryEndDocument' on input line 3509.
Package atveryend Info: Executing hook `AtEndAfterFileList' on input line 3509.

Package rerunfilecheck Info: File `Pyleoclim.out' has not changed.
(rerunfilecheck)             Checksum: 2010E7D35124C267DCCCE8FE6D416B12;6277.
Package atveryend Info: Empty hook `AtVeryVeryEnd' on input line 3509.
 ) 
Here is how much of TeX's memory you used:
 13657 strings out of 492649
 193212 string characters out of 6129622
 290538 words of memory out of 5000000
 17058 multiletter control sequences out of 15000+600000
 50475 words of font info for 72 fonts, out of 8000000 for 9000
 1142 hyphenation exceptions out of 8191
 37i,12n,51p,802b,621s stack positions out of 5000i,500n,10000p,200000b,80000s
{/usr/local/texlive/2018/texmf-dist/fonts/enc/dvips/base/8r.enc}</usr/local/t
exlive/2018/texmf-dist/fonts/type1/urw/courier/ucrb8a.pfb></usr/local/texlive/2
018/texmf-dist/fonts/type1/urw/courier/ucrr8a.pfb></usr/local/texlive/2018/texm
f-dist/fonts/type1/urw/helvetic/uhvb8a.pfb></usr/local/texlive/2018/texmf-dist/
fonts/type1/urw/helvetic/uhvbo8a.pfb></usr/local/texlive/2018/texmf-dist/fonts/
type1/urw/helvetic/uhvr8a.pfb></usr/local/texlive/2018/texmf-dist/fonts/type1/u
rw/times/utmb8a.pfb></usr/local/texlive/2018/texmf-dist/fonts/type1/urw/times/u
tmr8a.pfb></usr/local/texlive/2018/texmf-dist/fonts/type1/urw/times/utmri8a.pfb
>
Output written on Pyleoclim.pdf (54 pages, 221194 bytes).
PDF statistics:
 723 PDF objects out of 1000 (max. 8388607)
 647 compressed objects within 7 object streams
 183 named destinations out of 1000 (max. 500000)
 373 words of extra memory for PDF output out of 10000 (max. 10000000)

