\BOOKMARK [0][-]{chapter.1}{Pyleoclim}{}% 1
\BOOKMARK [1][-]{section.1.1}{What is it?}{chapter.1}% 2
\BOOKMARK [1][-]{section.1.2}{Version Information}{chapter.1}% 3
\BOOKMARK [1][-]{section.1.3}{Installation}{chapter.1}% 4
\BOOKMARK [1][-]{section.1.4}{Quickstart guide}{chapter.1}% 5
\BOOKMARK [1][-]{section.1.5}{Requirements}{chapter.1}% 6
\BOOKMARK [1][-]{section.1.6}{Further information}{chapter.1}% 7
\BOOKMARK [1][-]{section.1.7}{Contact}{chapter.1}% 8
\BOOKMARK [1][-]{section.1.8}{License}{chapter.1}% 9
\BOOKMARK [1][-]{section.1.9}{Disclaimer}{chapter.1}% 10
\BOOKMARK [0][-]{chapter.2}{Main Functions}{}% 11
\BOOKMARK [1][-]{section.2.1}{Getting started}{chapter.2}% 12
\BOOKMARK [1][-]{section.2.2}{Mapping}{chapter.2}% 13
\BOOKMARK [1][-]{section.2.3}{Plotting}{chapter.2}% 14
\BOOKMARK [2][-]{subsection.2.3.1}{Summary Plots}{section.2.3}% 15
\BOOKMARK [1][-]{section.2.4}{Statistics}{chapter.2}% 16
\BOOKMARK [0][-]{chapter.3}{Basic Module}{}% 17
\BOOKMARK [0][-]{chapter.4}{Mapping Module}{}% 18
\BOOKMARK [0][-]{chapter.5}{Timeseries Plots Module}{}% 19
\BOOKMARK [0][-]{chapter.6}{Summary Plots Module}{}% 20
\BOOKMARK [0][-]{chapter.7}{Manipulating LiPD files}{}% 21
\BOOKMARK [1][-]{section.7.1}{Creating directories and saving figures}{chapter.7}% 22
\BOOKMARK [1][-]{section.7.2}{Manipulating LiPD files}{chapter.7}% 23
\BOOKMARK [1][-]{section.7.3}{Manipulating Variables in a LiPD file}{chapter.7}% 24
\BOOKMARK [1][-]{section.7.4}{Manipulating timeseries objects}{chapter.7}% 25
\BOOKMARK [1][-]{section.7.5}{Handling mapping to LinkedEarth Ontology}{chapter.7}% 26
\BOOKMARK [0][-]{chapter.8}{Indices and tables}{}% 27
\BOOKMARK [0][-]{section*.48}{Index}{}% 28
