2017-04-27 20:06:16,530 [INFO] directory: temp directory: /var/folders/j5/h401grn92_q265mg4925_51h0000gn/T/tmp7fbp8euv
2017-04-27 20:06:16,530 [INFO] LiPD_Library: LiPD Library created
2017-04-27 20:07:08,343 [INFO] directory: temp directory: /var/folders/j5/h401grn92_q265mg4925_51h0000gn/T/tmp_8d9m021
2017-04-27 20:07:08,343 [INFO] LiPD_Library: LiPD Library created
2017-04-27 20:07:39,986 [INFO] directory: temp directory: /var/folders/j5/h401grn92_q265mg4925_51h0000gn/T/tmpp6pz5m44
2017-04-27 20:07:39,986 [INFO] LiPD_Library: LiPD Library created
2017-04-27 20:12:58,833 [INFO] directory: temp directory: /var/folders/j5/h401grn92_q265mg4925_51h0000gn/T/tmp11fx15lx
2017-04-27 20:12:58,833 [INFO] LiPD_Library: LiPD Library created
2017-04-27 20:19:13,643 [INFO] directory: temp directory: /var/folders/j5/h401grn92_q265mg4925_51h0000gn/T/tmpcshpxjwp
2017-04-27 20:19:13,643 [INFO] LiPD_Library: LiPD Library created
2017-04-27 20:19:33,571 [INFO] directory: temp directory: /var/folders/j5/h401grn92_q265mg4925_51h0000gn/T/tmp34sxnt7s
2017-04-27 20:19:33,571 [INFO] LiPD_Library: LiPD Library created
2017-04-27 20:42:15,696 [INFO] directory: temp directory: /var/folders/j5/h401grn92_q265mg4925_51h0000gn/T/tmpdvyrmu14
2017-04-27 20:42:15,696 [INFO] LiPD_Library: LiPD Library created
2017-04-27 20:45:23,344 [INFO] directory: temp directory: /var/folders/j5/h401grn92_q265mg4925_51h0000gn/T/tmpio9zj1wg
2017-04-27 20:45:23,344 [INFO] LiPD_Library: LiPD Library created
2017-04-27 20:46:55,395 [INFO] directory: temp directory: /var/folders/j5/h401grn92_q265mg4925_51h0000gn/T/tmpx6mx66ds
2017-04-27 20:46:55,395 [INFO] LiPD_Library: LiPD Library created
2017-04-27 20:47:35,960 [INFO] directory: temp directory: /var/folders/j5/h401grn92_q265mg4925_51h0000gn/T/tmplfzycape
2017-04-27 20:47:35,960 [INFO] LiPD_Library: LiPD Library created
2017-04-27 20:48:33,097 [INFO] directory: temp directory: /var/folders/j5/h401grn92_q265mg4925_51h0000gn/T/tmp88bhat86
2017-04-27 20:48:33,097 [INFO] LiPD_Library: LiPD Library created
2017-04-27 20:49:09,785 [INFO] directory: temp directory: /var/folders/j5/h401grn92_q265mg4925_51h0000gn/T/tmp7azlm7i4
2017-04-27 20:49:09,785 [INFO] LiPD_Library: LiPD Library created
2017-04-27 20:50:54,668 [INFO] directory: temp directory: /var/folders/j5/h401grn92_q265mg4925_51h0000gn/T/tmpei01ts6t
2017-04-27 20:50:54,669 [INFO] LiPD_Library: LiPD Library created
2017-04-27 20:53:17,343 [INFO] directory: temp directory: /var/folders/j5/h401grn92_q265mg4925_51h0000gn/T/tmpumk10s2k
2017-04-27 20:53:17,343 [INFO] LiPD_Library: LiPD Library created
2017-04-27 20:53:45,801 [INFO] directory: temp directory: /var/folders/j5/h401grn92_q265mg4925_51h0000gn/T/tmpid3s4mll
2017-04-27 20:53:45,801 [INFO] LiPD_Library: LiPD Library created
2017-06-23 13:55:24,536 [INFO] directory: temp directory: /var/folders/j5/h401grn92_q265mg4925_51h0000gn/T/tmptz1egmzr
2017-06-23 13:55:24,536 [INFO] LiPD_Library: LiPD Library created
2017-06-23 13:56:23,169 [INFO] directory: temp directory: /var/folders/j5/h401grn92_q265mg4925_51h0000gn/T/tmpq2t4cij8
2017-06-23 13:56:23,169 [INFO] LiPD_Library: LiPD Library created
2017-06-23 14:11:53,441 [INFO] directory: temp directory: /var/folders/j5/h401grn92_q265mg4925_51h0000gn/T/tmpp2oixkn9
2017-06-23 14:11:53,441 [INFO] LiPD_Library: LiPD Library created
2017-06-23 14:12:06,098 [INFO] directory: temp directory: /var/folders/j5/h401grn92_q265mg4925_51h0000gn/T/tmprlhw7p4f
2017-06-23 14:12:06,099 [INFO] LiPD_Library: LiPD Library created
